2015-03-23 10:12:47 File removed C:\temp\\res
2015-03-23 10:12:50 File add C:\temp\\Debug
2015-03-23 10:12:50 File add C:\temp\\Debug\cl.command.1.tlog
2015-03-23 10:12:50 File modified C:\temp\\Debug\cl.command.1.tlog
2015-03-23 10:12:50 File add C:\temp\\Debug\CL.read.1.tlog
2015-03-23 10:12:50 File modified C:\temp\\Debug\CL.read.1.tlog
2015-03-23 10:12:50 File add C:\temp\\Debug\CL.write.1.tlog
2015-03-23 10:12:50 File modified C:\temp\\Debug\CL.write.1.tlog
2015-03-23 10:12:50 File add C:\temp\\Debug\link-cvtres.read.1.tlog
2015-03-23 10:12:50 File modified C:\temp\\Debug\link-cvtres.read.1.tlog
2015-03-23 10:12:50 File add C:\temp\\Debug\link-cvtres.write.1.tlog
2015-03-23 10:12:50 File modified C:\temp\\Debug\link-cvtres.write.1.tlog
2015-03-23 10:12:50 File add C:\temp\\Debug\link-mt.read.1.tlog
2015-03-23 10:12:50 File modified C:\temp\\Debug\link-mt.read.1.tlog
2015-03-23 10:12:50 File add C:\temp\\Debug\link-mt.write.1.tlog
2015-03-23 10:12:50 File modified C:\temp\\Debug\link-mt.write.1.tlog
2015-03-23 10:12:50 File add C:\temp\\Debug\link-rc.read.1.tlog
2015-03-23 10:12:50 File modified C:\temp\\Debug\link-rc.read.1.tlog
2015-03-23 10:12:50 File add C:\temp\\Debug\link-rc.write.1.tlog
2015-03-23 10:12:50 File modified C:\temp\\Debug\link-rc.write.1.tlog
2015-03-23 10:12:50 File add C:\temp\\Debug\link.command.1.tlog
2015-03-23 10:12:50 File modified C:\temp\\Debug\link.command.1.tlog
2015-03-23 10:12:50 File add C:\temp\\Debug\link.read.1.tlog
2015-03-23 10:12:50 File modified C:\temp\\Debug\link.read.1.tlog
2015-03-23 10:12:50 File add C:\temp\\Debug\link.write.1.tlog
2015-03-23 10:12:50 File modified C:\temp\\Debug\link.write.1.tlog
2015-03-23 10:12:50 File add C:\temp\\Debug\rc.command.1.tlog
2015-03-23 10:12:50 File modified C:\temp\\Debug\rc.command.1.tlog
2015-03-23 10:12:50 File add C:\temp\\Debug\rc.read.1.tlog
2015-03-23 10:12:50 File modified C:\temp\\Debug\rc.read.1.tlog
2015-03-23 10:12:50 File add C:\temp\\Debug\rc.write.1.tlog
2015-03-23 10:12:51 File modified C:\temp\\Debug\rc.write.1.tlog
2015-03-23 10:12:51 File add C:\temp\\Debug\stdafx.obj
2015-03-23 10:12:51 File modified C:\temp\\Debug\stdafx.obj
2015-03-23 10:12:51 File add C:\temp\\Debug\TCPClient.Build.CppClean.log
2015-03-23 10:12:51 File modified C:\temp\\Debug\TCPClient.Build.CppClean.log
2015-03-23 10:12:51 File add C:\temp\\Debug\TCPClient.lastbuildstate
2015-03-23 10:12:51 File modified C:\temp\\Debug\TCPClient.lastbuildstate
2015-03-23 10:12:51 File add C:\temp\\Debug\TCPClient.log
2015-03-23 10:12:51 File modified C:\temp\\Debug\TCPClient.log
2015-03-23 10:12:51 File add C:\temp\\Debug\TCPClient.obj
2015-03-23 10:12:51 File modified C:\temp\\Debug\TCPClient.obj
2015-03-23 10:12:51 File add C:\temp\\Debug\TCPClient.pch
2015-03-23 10:12:51 File modified C:\temp\\Debug\TCPClient.pch
2015-03-23 10:12:52 File add C:\temp\\Debug\TCPClient.res
2015-03-23 10:12:52 File modified C:\temp\\Debug\TCPClient.res
2015-03-23 10:12:52 File add C:\temp\\Debug\TCPClientDlg.obj
2015-03-23 10:12:52 File modified C:\temp\\Debug\TCPClientDlg.obj
2015-03-23 10:12:52 File add C:\temp\\Debug\TCPClientSocket.obj
2015-03-23 10:12:52 File modified C:\temp\\Debug\TCPClientSocket.obj
2015-03-23 10:12:52 File add C:\temp\\Debug\vc110.idb
2015-03-23 10:12:52 File modified C:\temp\\Debug\vc110.idb
2015-03-23 10:12:53 File add C:\temp\\Debug\vc110.pdb
2015-03-23 10:12:53 File modified C:\temp\\Debug\vc110.pdb
2015-03-23 10:14:49 File add C:\temp\\Debug\TCPClient.exe
2015-03-23 10:14:49 File modified C:\temp\\Debug\TCPClient.exe
2015-03-23 10:14:49 File add C:\temp\\Debug\TCPClient.ilk
2015-03-23 10:14:49 File modified C:\temp\\Debug\TCPClient.ilk
2015-03-23 10:14:49 File add C:\temp\\Debug\TCPClient.pdb
2015-03-23 10:14:49 File modified C:\temp\\Debug\TCPClient.pdb
